<?xml version="1.0" encoding="UTF-8"?>
<testng-results ignored="0" total="1" passed="1" failed="0" skipped="0">
  <reporter-output>
  </reporter-output>
  <suite started-at="2021-10-06T19:41:04 IST" name="Default suite" finished-at="2021-10-06T19:41:26 IST" duration-ms="21977">
    <groups>
    </groups>
    <test started-at="2021-10-06T19:41:04 IST" name="Default test" finished-at="2021-10-06T19:41:26 IST" duration-ms="21977">
      <class name="login">
        <test-method is-config="true" signature="setup()[pri:0, instance:login@4fb3ee4e]" started-at="2021-10-06T19:41:04 IST" name="setup" finished-at="2021-10-06T19:41:08 IST" duration-ms="3387" status="PASS">
          <reporter-output>
          </reporter-output>
        </test-method> <!-- setup -->
        <test-method signature="dologin()[pri:0, instance:login@4fb3ee4e]" started-at="2021-10-06T19:41:08 IST" name="dologin" finished-at="2021-10-06T19:41:22 IST" duration-ms="14376" status="PASS">
          <reporter-output>
          </reporter-output>
        </test-method> <!-- dologin -->
        <test-method is-config="true" signature="teardown()[pri:0, instance:login@4fb3ee4e]" started-at="2021-10-06T19:41:22 IST" name="teardown" finished-at="2021-10-06T19:41:26 IST" duration-ms="4147" status="PASS">
          <reporter-output>
          </reporter-output>
        </test-method> <!-- teardown -->
      </class> <!-- login -->
    </test> <!-- Default test -->
  </suite> <!-- Default suite -->
</testng-results>
